c:\users\asasi\desktop\project\project1\converter\converter\debug\vc140.pdb
c:\users\asasi\desktop\project\project1\converter\converter\debug\main.obj
c:\users\asasi\desktop\project\project1\converter\converter\debug\moc_converter.obj
c:\users\asasi\desktop\project\project1\converter\converter\debug\moc_adddialog.obj
c:\users\asasi\desktop\project\project1\converter\converter\debug\converter.obj
c:\users\asasi\desktop\project\project1\converter\converter\debug\adddialog.obj
c:\users\asasi\desktop\project\project1\converter\converter\debug\qrc_converter.obj
c:\users\asasi\desktop\project\project1\converter\converter\generatedfiles\qrc_converter.cpp
c:\users\asasi\desktop\project\project1\converter\converter\generatedfiles\debug\moc_converter.cpp
c:\users\asasi\desktop\project\project1\converter\converter\generatedfiles\ui_converter.h
c:\users\asasi\desktop\project\project1\converter\win32\debug\converter.ilk
c:\users\asasi\desktop\project\project1\converter\win32\debug\converter.exe
c:\users\asasi\desktop\project\project1\converter\win32\debug\converter.pdb
c:\users\asasi\desktop\project\project1\converter\converter\debug\converter.tlog\cl.command.1.tlog
c:\users\asasi\desktop\project\project1\converter\converter\debug\converter.tlog\cl.read.1.tlog
c:\users\asasi\desktop\project\project1\converter\converter\debug\converter.tlog\cl.write.1.tlog
c:\users\asasi\desktop\project\project1\converter\converter\debug\converter.tlog\custombuild.command.1.tlog
c:\users\asasi\desktop\project\project1\converter\converter\debug\converter.tlog\custombuild.read.1.tlog
c:\users\asasi\desktop\project\project1\converter\converter\debug\converter.tlog\custombuild.write.1.tlog
c:\users\asasi\desktop\project\project1\converter\converter\debug\converter.tlog\link.command.1.tlog
c:\users\asasi\desktop\project\project1\converter\converter\debug\converter.tlog\link.read.1.tlog
c:\users\asasi\desktop\project\project1\converter\converter\debug\converter.tlog\link.write.1.tlog
